DEBU [SQLITE]    Connected to: file:/home/dlahuta/go/src/github.com/gravitational/teleport/1-auth-data/sqlite.db?_busy_timeout=10000&_sync=OFF, poll stream period: 1s lite/lite.go:173
DEBU [SQLITE]    Synchronous: 0, busy timeout: 10000 lite/lite.go:220
DEBU [SQLITE]    Connected to: file:/home/dlahuta/go/src/github.com/gravitational/teleport/1-auth-data/sqlite.db?_busy_timeout=10000&_sync=OFF, poll stream period: 1s lite/lite.go:173
DEBU [SQLITE]    Synchronous: 0, busy timeout: 10000 lite/lite.go:220
ERRO [AUTH]      *** NewCAService local/trust.go:27
ERRO             !! OnStart common/teleport.go:192
ERRO [PROC]      !!! NewTeleport service/service.go:392
INFO [PROC]      Generating new host UUID: b2c2e98d-9931-4bf3-90f2-cf32d27d39c9. service/service.go:552
DEBU [SQLITE]    Connected to: file:/home/dlahuta/go/src/github.com/gravitational/teleport/1-auth-data/proc/sqlite.db?_busy_timeout=10000&_sync=OFF, poll stream period: 1s lite/lite.go:173
DEBU [SQLITE]    Synchronous: 0, busy timeout: 10000 lite/lite.go:220
DEBU [KEYGEN]    SSH cert authority is going to pre-compute 25 keys. native/native.go:104
DEBU [PROC:1]    Using sqlite backend. service/service.go:2323
DEBU [SQLITE]    Connected to: file:/home/dlahuta/go/src/github.com/gravitational/teleport/1-auth-data/sqlite.db?_busy_timeout=10000&_sync=OFF, poll stream period: 1s lite/lite.go:173
DEBU [SQLITE]    Synchronous: 0, busy timeout: 10000 lite/lite.go:220
ERRO [PROC]      !!! first, create the AuthServer service/service.go:997
ERRO [AUTH]      !!! Init CA auth/init.go:149
ERRO [AUTH]      !!! create NewAuthServer - asrv, user CA and host CA auth/init.go:165
ERRO [AUTH]      !!! NewAuthServer auth.go &{0xc0001ae8c0} auth/auth.go:66
ERRO [AUTH]      !!! asrv.Trust.CreateCertAuthority if exist in cfg auth/init.go:204
DEBU [AUTH]      Cluster configuration: ClusterName(EPBYGOMW0526). auth/init.go:275
INFO [AUTH]      Updating cluster configuration: StaticTokens([ProvisionToken(Roles=[Proxy Node], Expires=never)]). auth/init.go:281
INFO [AUTH]      Updating cluster configuration: AuthPreference(Type="local",SecondFactor="off"). auth/init.go:288
INFO [AUTH]      Created namespace: "default". auth/init.go:295
INFO [AUTH]      Created default admin role: "admin". auth/init.go:301
ERRO [AUTH]      !!! generate a user certificate authority if it doesn't exist auth/init.go:306
ERRO [AUTH]      *** GetCertAuthority 1{user EPBYGOMW0526} local/trust.go:219
ERRO [AUTH]      Get Trust Key1 err userEPBYGOMW0526key /authorities/user/EPBYGOMW0526 is not found local/trust.go:226
INFO [AUTH]      First start: generating user certificate authority. auth/init.go:313
ERRO [AUTH]      *** UpsertCertAuthority local/trust.go:67
ERRO [AUTH]      !!!PUT Key Trust authoritiesuserEPBYGOMW0526 local/trust.go:79
ERRO [AUTH]      !!! asrv.GetCertAuthority host auth/init.go:362
ERRO [AUTH]      *** GetCertAuthority 1{host EPBYGOMW0526} local/trust.go:219
ERRO [AUTH]      Get Trust Key1 err hostEPBYGOMW0526key /authorities/host/EPBYGOMW0526 is not found local/trust.go:226
INFO [AUTH]      First start: generating host certificate authority. auth/init.go:370
DEBU [SQLITE]    Initialized event ID iterator to 7 lite/periodic.go:143
DEBU [SQLITE]    Initialized event ID iterator to 7 lite/periodic.go:143
DEBU [SQLITE]    Initialized event ID iterator to 7 lite/periodic.go:143
ERRO [AUTH]      *** UpsertCertAuthority local/trust.go:67
ERRO [AUTH]      !!!PUT Key Trust authoritieshostEPBYGOMW0526 local/trust.go:79
DEBU [AUTH]      Migrations: skipping local cluster cert authority "EPBYGOMW0526". auth/init.go:930
INFO [AUTH]      Auth server is skipping periodic operations. auth/init.go:466
ERRO [PROC]      !!! connect %!v(MISSING) service/connect.go:89
DEBU [PROC:1]    This server has local Auth server started, using it to add role to the cluster. service/connect.go:341
ERRO [AUTH]      *** GetCertAuthority 1{host EPBYGOMW0526} local/trust.go:219
ERRO [AUTH]      Get Trust Key2 hostEPBYGOMW0526<nil> local/trust.go:230
DEBU [KEYGEN]    Generated SSH host certificate for role Admin with principals: [b2c2e98d-9931-4bf3-90f2-cf32d27d39c9 EPBYGOMW0526]. native/native.go:231
INFO [CA]        Generating TLS certificate {0x3e4f720 0xc0000a0190 CN=b2c2e98d-9931-4bf3-90f2-cf32d27d39c9.EPBYGOMW0526,O=Admin,POSTALCODE=null,STREET= 2030-03-15 15:00:26.166738646 +0000 UTC [EPBYGOMW0526 *.teleport.cluster.local teleport.cluster.local]}. CertCA:"5X\xff\x06v\x15\xa8\x9a\xbb\x11\x18\"\x11\xe2R\r\xae\xec\xaf\xf09n\x10Pw\x15\x88\xa7\a\x03b\xaf\xa1f\x01y\u007f\x1a\n%\x93\xc0TM,\x8b\x1a9\xcdg\xe0E\xdeaT\x85\xa85\xb1:F\"\x14\x9e\x9fƫ\xda\xe8\xbecG\xcfp\x90\xa5;\xe8\xd8\xc0\xb2#'\x90\xbf\x06\xdb7\x9fC\xa2\n\x86\xb2(qT\x9aj\xdd!ރN7\xfdP\xa2\xdd\\m\xd4\f\xeb\xf4\xdd\xcd\xfd\x93hw\xd7E\xb6\xf3\x06\xb57Wne\x93\t\x83Ϣ&\xec\x9b\xf5\x86\xaf\x94\x8b\xbc{5Q\xe9\xee\xe9ZB\xaa\xf1W\x0fA\xdafÜL\xb7\xd2x\xd9\xf3\x1aWJ\x9f\xf0\x0f8\x10\xf3\xb07\xe20\u0382\x87ӯ\x9d~\x9e\xadlP\x163\x1e&\xec\xfa\xecN\xdcv\x025x\xf45\x15Q\x0f\xab\xb1Wȶ9\xf1.\xe7C\xe0\xba8\xbe\xa6\xbc\xfce\xa5\xb8\xf0\xeb'\x9d+\xf3\xf3\xc1\xf5Sez\x18\xea\x1c\xd2\x1e\x05\x9f\xd8H\xa4\x97\xbaA\xa7" common_name:b2c2e98d-9931-4bf3-90f2-cf32d27d39c9.EPBYGOMW0526 dns_names:[EPBYGOMW0526 *.teleport.cluster.local teleport.cluster.local] locality:[] not_after:2030-03-15 15:00:26.166738646 +0000 UTC org:[Admin] org_unit:[] tlsca/ca.go:204
ERRO [CA]        "!!! certBytes 0\x82\x03\xdc0\x82\x02Ġ\x03\x02\x01\x02\x02\x11\x00\xd3\xe2\xf9\xd1W\xb4K\x19\xfer\x8a\x05\xe0O:\x8f0\r\x06\t*\x86H\x86\xf7\r\x01\x01\v\x05\x000_1\x150\x13\x06\x03U\x04\n\x13\fEPBYGOMW05261\x150\x13\x06\x03U\x04\x03\x13\fEPBYGOMW05261/0-\x06\x03U\x04\x05\x13&521057214930102081303109279485305278670\x1e\x17\r200317145926Z\x17\r300315150026Z0f1\t0\a\x06\x03U\x04\t\x13\x001\r0\v\x06\x03U\x04\x11\x13\x04null1\x0e0\f\x06\x03U\x04\n\x13\x05Admin1:08\x06\x03U\x04\x03\x131b2c2e98d-9931-4bf3-90f2-cf32d27d39c9.EPBYGOMW05260\x82\x01\"0\r\x06\t*\x86H\x86\xf7\r\x01\x01\x01\x05\x00\x03\x82\x01\x0f\x000\x82\x01\n\x02\x82\x01\x01\x00\xbe\x1eN\xa7\xfb\xf8\xd59YP\x87\x97\\#\nm\xa1h\xad\xe1\xa1el\xcc\xc2P\xfa\xfai\x14&<i\x0f7|\xb3\\\x98\xb9\xf5J\x9eY\xbf\xf7j\v\xc4n\x04)\x99\x90\xf4\xea\xc5OvzL@/\xa7%|\x84\x8f\x1c\xa2\x182\x1c\xb1\xc0>l\xad\xbb\xe74\xfa\xe22r{\xefbl\n;\xdd\xfa\xc2\xf6\xfb\xfbخ!/`R0\xc1\xa7E\xfc\x1d\x84\x9a\x18\xf0\xdc-\x95\xec\xda{݆\x0f)\xdd\x1c\x93:}}.\xd2~\xf0\xdd}y\xbc\xb9\x0fI\xb6\x10\xf0\xbdX\xbfH<\xe9\x02*`\x8e\x95\x9d\x82i\xb9\x10\f֑I\xac|\r\xc8\x19@r\x05IX\xc0r\x92\xca\x19R\x9cϲ2\x99\xc6${,kA\x8f\xddOPK\fQR\x92\x91P\xa6\xa6\\&Y\xf4\xb6,\xc1)\xef[M\x007\n\xbe\xe8|\xf6\x8d\xb1\x81\xfc\x14\x17h|\x9e*.(\x8b\x1f\x8ff>\x02\xa5\xf3G\xf3i\xf7\x17\x83\xfe\x96\x96\x10a>j\xd3\xcf\x02\x03\x01\x00\x01\xa3\x81\x8b0\x81\x880\x0e\x06\x03U\x1d\x0f\x01\x01\xff\x04\x04\x03\x02\x05\xa00\x1d\x06\x03U\x1d%\x04\x160\x14\x06\b+\x06\x01\x05\x05\a\x03\x01\x06\b+\x06\x01\x05\x05\a\x03\x020\f\x06\x03U\x1d\x13\x01\x01\xff\x04\x020\x000I\x06\x03U\x1d\x11\x04B0@\x82\fEPBYGOMW0526\x82\x18*.teleport.cluster.local\x82\x16teleport.cluster.local0\r\x06\t*\x86H\x86\xf7\r\x01\x01\v\x05\x00\x03\x82\x01\x01\x00\t\xa1\xb4\u007f\x96\x02\xd27\x8d\x12\xdf9\xd3\xcb\x1e/\x02mr\x1fgX*\xba\x8eb\xff<\xff\xec\\{\xdc{`\xd7x\xa0g9\r\xae\xa9\xb2v\xfcH-\x88\x815\xdf\xe7\x1aD\x1a1<ʮ\xb0\x02\xd7k\xf61\x1b\x12\xde9\xa6W\xb02\x97\x9f\xf1d5\xd3\xc5\xe0\x13fM\xc8>\x05\xc2l\vC\x00\x9f<\xd1\t\x8c\x85\xdfp\xb9\xea\xba0\xda)\xea\xd3\x03\xc0\xa5\xbc\x9b\x1a\x03\xfej\xaa\v\x18\x03\xf5\x8b\r\v\xc3\xce\xd6x̥\xd4I\xb3\xb2\xba\xf2\x94\x15\xf7\xcbݖ\xeb\xc2\x03\x84\x8bZ\xcd\xd2#\x8a\xcf\x1fq\x91\xff\x14\x81a\xd8%@;\x03y\x88\xeby \xce\xfb\xa0n\x88v]VX?^\x05\xbe\x927\x94\xb7\x85P\\p\x8bQ\xb9\x84\xda\xfa-\x19\xd6\n\xb5\x84\x82\xb7p\nyx̖\xad\xff\x02\x01Eu\xc0\xe9\xff*K\x9c.B\xf2\x8b(\xf9\x810\x05\x04\x8e\xa6W\xf1\x80[\xe9s\xa8\xb6\x954M\xf0\xf7#\xb3\xf3J\x04\x0f" tlsca/ca.go:227
INFO [PROC]      Admin has obtained credentials to connect to cluster. service/connect.go:378
ERRO [PROC]      "identity.TLSCertBytes -----BEGIN CERTIFICATE-----\nMIID3DCCAsSgAwIBAgIRANPi+dFXtEsZ/nKKBeBPOo8wDQYJKoZIhvcNAQELBQAw\nXzEVMBMGA1UEChMMRVBCWUdPTVcwNTI2MRUwEwYDVQQDEwxFUEJZR09NVzA1MjYx\nLzAtBgNVBAUTJjUyMTA1NzIxNDkzMDEwMjA4MTMwMzEwOTI3OTQ4NTMwNTI3ODY3\nMB4XDTIwMDMxNzE0NTkyNloXDTMwMDMxNTE1MDAyNlowZjEJMAcGA1UECRMAMQ0w\nCwYDVQQREwRudWxsMQ4wDAYDVQQKEwVBZG1pbjE6MDgGA1UEAxMxYjJjMmU5OGQt\nOTkzMS00YmYzLTkwZjItY2YzMmQyN2QzOWM5LkVQQllHT01XMDUyNjCCASIwDQYJ\nKoZIhvcNAQEBBQADggEPADCCAQoCggEBAL4eTqf7+NU5WVCHl1wjCm2haK3hoWVs\nzMJQ+vppFCY8aQ83fLNcmLn1Sp5Zv/dqC8RuBCmZkPTqxU92ekxAL6clfISPHKIY\nMhyxwD5srbvnNPriMnJ772JsCjvd+sL2+/vYriEvYFIwwadF/B2Emhjw3C2V7Np7\n3YYPKd0ckzp9fS7SfvDdfXm8uQ9JthDwvVi/SDzpAipgjpWdgmm5EAzWkUmsfA3I\nGUByBUlYwHKSyhlSnM+yMpnGJHssa0GP3U9QSwxRUpKRUKamXCZZ9LYswSnvW00A\nNwq+6Hz2jbGB/BQXaHyeKi4oix+PZj4CpfNH82n3F4P+lpYQYT5q088CAwEAAaOB\nizCBiDAOBgNVHQ8BAf8EBAMCBaAwHQYDVR0lBBYwFAYIKwYBBQUHAwEGCCsGAQUF\nBwMCMAwGA1UdEwEB/wQCMAAwSQYDVR0RBEIwQIIMRVBCWUdPTVcwNTI2ghgqLnRl\nbGVwb3J0LmNsdXN0ZXIubG9jYWyCFnRlbGVwb3J0LmNsdXN0ZXIubG9jYWwwDQYJ\nKoZIhvcNAQELBQADggEBAAmhtH+WAtI3jRLfOdPLHi8CbXIfZ1gquo5i/zz/7Fx7\n3Htg13igZzkNrqmydvxILYiBNd/nGkQaMTzKrrAC12v2MRsS3jmmV7Ayl5/xZDXT\nxeATZk3IPgXCbAtDAJ880QmMhd9wueq6MNop6tMDwKW8mxoD/mqqCxgD9YsNC8PO\n1njMpdRJs7K68pQV98vdluvCA4SLWs3SI4rPH3GR/xSBYdglQDsDeYjreSDO+6Bu\niHZdVlg/XgW+kjeUt4VQXHCLUbmE2votGdYKtYSCt3AKeXjMlq3/AgFFdcDp/ypL\nnC5C8oso+YEwBQSOplfxgFvpc6i2lTRN8Pcjs/NKBA8=\n-----END CERTIFICATE-----\n" service/connect.go:379
ERRO [PROC]      "identity.KeyBytes -----BEGIN RSA PRIVATE KEY-----\nMIIEpAIBAAKCAQEAvh5Op/v41TlZUIeXXCMKbaForeGhZWzMwlD6+mkUJjxpDzd8\ns1yYufVKnlm/92oLxG4EKZmQ9OrFT3Z6TEAvpyV8hI8cohgyHLHAPmytu+c0+uIy\ncnvvYmwKO936wvb7+9iuIS9gUjDBp0X8HYSaGPDcLZXs2nvdhg8p3RyTOn19LtJ+\n8N19eby5D0m2EPC9WL9IPOkCKmCOlZ2CabkQDNaRSax8DcgZQHIFSVjAcpLKGVKc\nz7IymcYkeyxrQY/dT1BLDFFSkpFQpqZcJln0tizBKe9bTQA3Cr7ofPaNsYH8FBdo\nfJ4qLiiLH49mPgKl80fzafcXg/6WlhBhPmrTzwIDAQABAoIBAAjn5otb9FYYr6Rk\nFaUNRynHi93JWgQkSps3q+obDgSUg99gnAjS55yebvZoAeQXJaH3/V3tgarXbJLC\nXAxCXXkY+nJDOfYl6AMMGJNUB/drZ0HxYqeWQqp7oScYyOxlIXy0s8N+Mqbm/ctW\nLe88DPPqJIZGJag+cSwcfbuL4SG2Nl/qBQY5cUDXe/WBeQYwkSpqQiTR/mnH26QF\nGrVCQsH1fDAhG/1pU59EtSkrtXm6P7q/Wpo+fL/kfXX1P75pM2vtXIVEAJM4OFsE\n+cLG1DRpBQJIrjs8oD13lFOUk18wI1LRsVEyAK0jqVTgw88fgx4w8gIjZ/ftVaza\n5WR/+4ECgYEA9wEO+akCtZnynCSxO1wUIB2M65ix93wz1Glq6cqDyLG5lK5YBayE\nNko1j5VcAkYMhYAKI1jR58GT4DylYYVS9LNbpvtrYAZk0bONGlgzw2Sdv7LXWL2Z\n245m19/Ueb1WMRQLlMpl2IaoGJwutxO46awkdjHKNFcAV4jxtCt4A+ECgYEAxQrf\n9gAaMuuRrRgsMrAPM2nxGyz1kB6PAZAIrMV8UthXWIg1mVv8QPk163Tfq4rGhY7a\nSkzst7eSYg9FWnud/FyEB77NHHkYWf0pM9EaGl329IPLas0zs4kIsnSywmuffgl3\nuBqtkpn2/Dl8+o6TmMeM39wqCxc0Jdo0q3Tlza8CgYEAgCaqcFmBsFqpBt36ngON\n5YOvY2SboP1tnpz6/UU2zl93G27A+GCjT898rnwdeoiBYpolqGUiso06fbK5Uzlq\n6s5LlP0Ino9yq2HuqWZtpMiFF7pgBAiK1OCy9vmIMYlMOLZfs9i2snpaqDoP+qhe\n3c2UNUZr1G/3G3NPg9yxrcECgYBJyyjVGHS3XUHRcZwb35PRzXtekhflQYyNKUQW\ncF9/J0aPAXQRW0G9k5d99udNd0uh+T4HVYfRxg4sa0ut913ThVJtFCf84d0c1pL3\ntPfxp/8006b6+J7EPi3jp5DK/0NcEG+lo1gd70twapdDvuHH9fPsYqfcP3RoOLBB\nBiaKQQKBgQC6m6Q0SFbdkYmMWCZcTHp6K5mxnxqQIR1unfx7VEYRJnelna8uJBKp\nbV1aiykSnXkYcEQGRqy1Aksi5srAMPinAnjt07n1RonA0GuvfkOGIsBe/rEMlXjY\nUM7hn8u+j9P5v1oaO4mrpjvXAkit7pCAVLb9YR9sLe9h6W7or3nFPw==\n-----END RSA PRIVATE KEY-----\n" service/connect.go:380
ERRO [PROC]      "identity.TLSCACertsBytes -----BEGIN CERTIFICATE-----\nMIIDazCCAlOgAwIBAgIQJzMyafyZpMjA4kj9l68uezANBgkqhkiG9w0BAQsFADBf\nMRUwEwYDVQQKEwxFUEJZR09NVzA1MjYxFTATBgNVBAMTDEVQQllHT01XMDUyNjEv\nMC0GA1UEBRMmNTIxMDU3MjE0OTMwMTAyMDgxMzAzMTA5Mjc5NDg1MzA1Mjc4Njcw\nHhcNMjAwMzE3MTUwMDI1WhcNMzAwMzE1MTUwMDI1WjBfMRUwEwYDVQQKEwxFUEJZ\nR09NVzA1MjYxFTATBgNVBAMTDEVQQllHT01XMDUyNjEvMC0GA1UEBRMmNTIxMDU3\nMjE0OTMwMTAyMDgxMzAzMTA5Mjc5NDg1MzA1Mjc4NjcwggEiMA0GCSqGSIb3DQEB\nAQUAA4IBDwAwggEKAoIBAQDQ9O7cxz1EIwj8cBRmZY4xcrNDQNMprK5TpoUfzNS9\nBtTL0BfjReS/vMgAx86L8oh7JW7V3cZFFHYHqU1J84sayDFbVSwEpOqhKmKNeA6U\nzmR3dk6+TB2NrcAkRkOHe+U0AOSflnHKY20kRlqZq320fh/jIchuIWHiHsVhO3ag\ntpY3porCn2MgKXzTaUrajhBzjPaA9fYhQK9brCSYnWcL6GjKo1PuMqhMXOuH2EvI\n35bLDeSp5XCGoRlqRbfQ85Q+U5dh1u7K21b70F8Rmw84D79/6BDd6P0DK9h1htwF\nMa8C7Pq6TauOYskUcYHNK6yIwLb2ESUlYd4Hh1e1vwTDAgMBAAGjIzAhMA4GA1Ud\nDwEB/wQEAwICpDAPBgNVHRMBAf8EBTADAQH/MA0GCSqGSIb3DQEBCwUAA4IBAQA1\nWP8GdhWomrsRGCIR4lINruyv8DluEFB3FYinBwNir6FmAXl/Ggolk8BUTSyLGjnN\nZ+BF3mFUhag1sTpGIhSen8ar2ui+Y0fPcJClO+jYwLIjJ5C/Bts3n0OiCoayKHFU\nmmrdId6DTjf9UKLdXG3UDOv03c39k2h310W28wa1N1duZZMJg8+iJuyb9YavlIu8\nezVR6e7pWkKq8VcPQdpmw5xMt9J42fMaV0qf8A84EPOwN+IwzoKH06+dfp6tbFAW\nMx4m7PrsTtx2AjV49DUVUQ+rsVfItjnxLudD4Lo4vqa8/GWluPDrJ50r8/PB9VNl\nehjqHNIeBZ/YSKSXukGn\n-----END CERTIFICATE-----\n" service/connect.go:383
ERRO [AUTH]      *** GetCertAuthority 1{host EPBYGOMW0526} local/trust.go:219
ERRO [AUTH]      Get Trust Key2 hostEPBYGOMW0526<nil> local/trust.go:230
INFO [PROC:1]    The process has successfully wrote credentials and state of Admin to disk. service/connect.go:423
DEBU [PROC:1]    Connected client: Identity(Admin, cert(b2c2e98d-9931-4bf3-90f2-cf32d27d39c9.EPBYGOMW0526 issued by EPBYGOMW0526:52105721493010208130310927948530527867),trust root(EPBYGOMW0526:52105721493010208130310927948530527867)) service/connect.go:81
DEBU [PROC:1]    Connected server: Identity(Admin, cert(b2c2e98d-9931-4bf3-90f2-cf32d27d39c9.EPBYGOMW0526 issued by EPBYGOMW0526:52105721493010208130310927948530527867),trust root(EPBYGOMW0526:52105721493010208130310927948530527867)) service/connect.go:82
DEBU [PROC:1]    Creating in-memory backend for [auth]. service/service.go:1279
ERRO             !!! New {context.TODO.WithCancel [{cert_authority  true map[]} {cluster_name  false map[]} {cluster_config  false map[]} {static_tokens  false map[]} {token  false map[]} {user  false map[]} {role  false map[]} {namespace  false map[]} {node  false map[]} {proxy  false map[]} {tunnel  false map[]} {tunnel_connection  false map[]} {access_request  false map[]}] {0xc000171020 0xc00000f580 0xc0003c4d20 0xc0003c4d30 0xc0003c4d40 0xc0003c4d50 0xc0003c4d60 0xc00000f5a0 0xc00018f8c0} {0xc000171020 0xc00000f580 0xc0003c4d20 0xc0003c4d30 0xc0003c4d40 0xc0003c4d50 0xc0003c4d60 0xc00000f5a0 0xc00018f8c0} {0xc000171020 0xc00000f580 0xc0003c4d20 0xc0003c4d30 0xc0003c4d40 0xc0003c4d50 0xc0003c4d60 0xc00000f5a0 0xc00018f8c0} {0xc000171020 0xc00000f580 0xc0003c4d20 0xc0003c4d30 0xc0003c4d40 0xc0003c4d50 0xc0003c4d60 0xc00000f5a0 0xc00018f8c0} {0xc000171020 0xc00000f580 0xc0003c4d20 0xc0003c4d30 0xc0003c4d40 0xc0003c4d50 0xc0003c4d60 0xc00000f5a0 0xc00018f8c0} {0xc000171020 0xc00000f580 0xc0003c4d20 0xc0003c4d30 0xc0003c4d40 0xc0003c4d50 0xc0003c4d60 0xc00000f5a0 0xc00018f8c0} {0xc000171020 0xc00000f580 0xc0003c4d20 0xc0003c4d30 0xc0003c4d40 0xc0003c4d50 0xc0003c4d60 0xc00000f5a0 0xc00018f8c0} {0xc000171020 0xc00000f580 0xc0003c4d20 0xc0003c4d30 0xc0003c4d40 0xc0003c4d50 0xc0003c4d60 0xc00000f5a0 0xc00018f8c0} 0xc000a6e3c0 10s <nil> {true} {false 20h0m0s false} 0x3e4f720 auth:1:cache auth:cache 8192} cache/cache.go:265
ERRO [AUTH]      *** NewCAService local/trust.go:27
ERRO [AUTH]      *** UpsertCertAuthority local/trust.go:67
ERRO [AUTH]      !!!PUT Key Trust authoritieshostEPBYGOMW0526 local/trust.go:79
ERRO [AUTH]      *** UpsertCertAuthority local/trust.go:67
ERRO [AUTH]      !!!PUT Key Trust authoritiesuserEPBYGOMW0526 local/trust.go:79
ERRO [AUTH]      $$$ NewTLSServer auth/middleware.go:91
INFO [PROC:1]    Service auth is creating new listener on 0.0.0.0:3025. service/signals.go:213
INFO [AUTH:1]    Starting Auth service with PROXY protocol support. service/service.go:1074
ERRO [AUTH:1]    !!!Starting Auth service with PROXY protocol support. service/service.go:1088
DEBU [PROC]      Adding service to supervisor. service:auth.tls sync/mutex.go:74
DEBU [PROC]      Adding service to supervisor. service:auth.heartbeat.broadcast sync/mutex.go:74
DEBU [BUFFER]    Add Watcher(name=auth:1:cache, prefixes=/access_requests, /authorities, /cluster_configuration/general, /cluster_configuration/name, /cluster_configuration/static_tokens, /namespaces, /nodes/default, /proxies, /reverseTunnels, /roles, /tokens, /tunnelConnections, /web/users, capacity=8192, size=0). backend/buffer.go:235
ERRO [AUTH]      *** UpsertCertAuthority local/trust.go:67
ERRO [AUTH]      !!!PUT Key Trust authoritieshostEPBYGOMW0526 local/trust.go:79
ERRO [AUTH]      *** UpsertCertAuthority local/trust.go:67
ERRO [AUTH]      !!!PUT Key Trust authoritiesuserEPBYGOMW0526 local/trust.go:79
WARN [AUTH:1]    Configuration setting auth_service/advertise_ip is not set. guessing 10.42.0.0:3025. service/service.go:1151
DEBU [AUTH:BEAT] Starting Auth heartbeat with announce period: 1m0s, keep-alive period 5m55.291158508s, poll period: 5s srv/heartbeat.go:131
DEBU [PROC]      Adding service to supervisor. service:auth.heartbeat sync/mutex.go:74
DEBU [PROC]      Adding service to supervisor. service:auth.shutdown sync/mutex.go:74
WARN [PROC]      No TLS Keys provided, using self signed certificate. service/service.go:2473
WARN [PROC]      Generating self signed key and cert to /home/dlahuta/go/src/github.com/gravitational/teleport/1-auth-data/webproxy_key.pem /home/dlahuta/go/src/github.com/gravitational/teleport/1-auth-data/webproxy_cert.pem. service/service.go:2489
ERRO [AUTH]      *** UpsertCertAuthority local/trust.go:67
ERRO [AUTH]      !!!PUT Key Trust authoritieshostEPBYGOMW0526 local/trust.go:79
DEBU [PROC]      Adding service to supervisor. service:register.proxy sync/mutex.go:74
DEBU [PROC]      Adding service to supervisor. service:proxy.init sync/mutex.go:74
DEBU [PROC]      Adding service to supervisor. service:common.rotate sync/mutex.go:74
DEBU [PROC:1]    Service has started. service:auth.shutdown service/supervisor.go:242
DEBU [PROC:1]    Service has started. service:proxy.init service/supervisor.go:242
DEBU [PROC:1]    Service has started. service:auth.heartbeat service/supervisor.go:242
DEBU [PROC:1]    Service has started. service:common.rotate service/supervisor.go:242
DEBU [PROC:1]    Service has started. service:auth.tls service/supervisor.go:242
DEBU [PROC:1]    Service has started. service:register.proxy service/supervisor.go:242
INFO [AUTH]      Auth service 4.2.2-alpha.1:v4.2.0-alpha.5-122-g748691ff-dirty is starting on 0.0.0.0:3025. utils/cli.go:177
ERRO [PROC]      !!! connect %!v(MISSING) service/connect.go:89
DEBU [PROC:1]    Broadcasting event. event:AuthTLSReady service/supervisor.go:332
DEBU [PROC:1]    No signal pipe to import, must be first Teleport process. service/service.go:703
DEBU [PROC:1]    Service has started. service:auth.heartbeat.broadcast service/supervisor.go:242
ERRO [PROC]      !!! connect %!v(MISSING) service/connect.go:89
DEBU [PROC:1]    This server has local Auth server started, using it to add role to the cluster. service/connect.go:341
DEBU [PROC:1]    Connected state: never updated. service/connect.go:100
DEBU [PROC:1]    Connected client: Identity(Admin, cert(b2c2e98d-9931-4bf3-90f2-cf32d27d39c9.EPBYGOMW0526 issued by EPBYGOMW0526:52105721493010208130310927948530527867),trust root(EPBYGOMW0526:52105721493010208130310927948530527867)) service/connect.go:81
DEBU [PROC:1]    Connected server: Identity(Admin, cert(b2c2e98d-9931-4bf3-90f2-cf32d27d39c9.EPBYGOMW0526 issued by EPBYGOMW0526:52105721493010208130310927948530527867),trust root(EPBYGOMW0526:52105721493010208130310927948530527867)) service/connect.go:82
DEBU [PROC:1]    Broadcasting event. event:AuthIdentity service/supervisor.go:332
DEBU [PROC]      Adding service to supervisor. service:auth.broadcast sync/mutex.go:74
DEBU [PROC:1]    Service is completed and removed. service:auth.heartbeat.broadcast service/supervisor.go:219
DEBU [PROC:1]    Service has started. service:auth.broadcast service/supervisor.go:242
ERRO [AUTH]      *** GetCertAuthority 1{host EPBYGOMW0526} local/trust.go:219
ERRO [AUTH]      Get Trust Key2 hostEPBYGOMW0526<nil> local/trust.go:230
DEBU [KEYGEN]    Generated SSH host certificate for role Proxy with principals: [b2c2e98d-9931-4bf3-90f2-cf32d27d39c9.EPBYGOMW0526 EPBYGOMW0526.EPBYGOMW0526 EPBYGOMW0526 teleport.cluster.local remote.kube.proxy.teleport.cluster.local]. native/native.go:231
INFO [CA]        Generating TLS certificate {0x3e4f720 0xc00001e0f0 CN=b2c2e98d-9931-4bf3-90f2-cf32d27d39c9.EPBYGOMW0526,O=Proxy,POSTALCODE=null,STREET= 2030-03-15 15:00:26.649950543 +0000 UTC [EPBYGOMW0526 teleport.cluster.local remote.kube.proxy.teleport.cluster.local]}. CertCA:"5X\xff\x06v\x15\xa8\x9a\xbb\x11\x18\"\x11\xe2R\r\xae\xec\xaf\xf09n\x10Pw\x15\x88\xa7\a\x03b\xaf\xa1f\x01y\u007f\x1a\n%\x93\xc0TM,\x8b\x1a9\xcdg\xe0E\xdeaT\x85\xa85\xb1:F\"\x14\x9e\x9fƫ\xda\xe8\xbecG\xcfp\x90\xa5;\xe8\xd8\xc0\xb2#'\x90\xbf\x06\xdb7\x9fC\xa2\n\x86\xb2(qT\x9aj\xdd!ރN7\xfdP\xa2\xdd\\m\xd4\f\xeb\xf4\xdd\xcd\xfd\x93hw\xd7E\xb6\xf3\x06\xb57Wne\x93\t\x83Ϣ&\xec\x9b\xf5\x86\xaf\x94\x8b\xbc{5Q\xe9\xee\xe9ZB\xaa\xf1W\x0fA\xdafÜL\xb7\xd2x\xd9\xf3\x1aWJ\x9f\xf0\x0f8\x10\xf3\xb07\xe20\u0382\x87ӯ\x9d~\x9e\xadlP\x163\x1e&\xec\xfa\xecN\xdcv\x025x\xf45\x15Q\x0f\xab\xb1Wȶ9\xf1.\xe7C\xe0\xba8\xbe\xa6\xbc\xfce\xa5\xb8\xf0\xeb'\x9d+\xf3\xf3\xc1\xf5Sez\x18\xea\x1c\xd2\x1e\x05\x9f\xd8H\xa4\x97\xbaA\xa7" common_name:b2c2e98d-9931-4bf3-90f2-cf32d27d39c9.EPBYGOMW0526 dns_names:[EPBYGOMW0526 teleport.cluster.local remote.kube.proxy.teleport.cluster.local] locality:[] not_after:2030-03-15 15:00:26.649950543 +0000 UTC org:[Proxy] org_unit:[] tlsca/ca.go:204
ERRO [CA]        "!!! certBytes 0\x82\x03\xeb0\x82\x02Ӡ\x03\x02\x01\x02\x02\x10/\r %n8\xe5\x1b\x12І|\xfb-1\x8c0\r\x06\t*\x86H\x86\xf7\r\x01\x01\v\x05\x000_1\x150\x13\x06\x03U\x04\n\x13\fEPBYGOMW05261\x150\x13\x06\x03U\x04\x03\x13\fEPBYGOMW05261/0-\x06\x03U\x04\x05\x13&521057214930102081303109279485305278670\x1e\x17\r200317145926Z\x17\r300315150026Z0f1\t0\a\x06\x03U\x04\t\x13\x001\r0\v\x06\x03U\x04\x11\x13\x04null1\x0e0\f\x06\x03U\x04\n\x13\x05Proxy1:08\x06\x03U\x04\x03\x131b2c2e98d-9931-4bf3-90f2-cf32d27d39c9.EPBYGOMW05260\x82\x01\"0\r\x06\t*\x86H\x86\xf7\r\x01\x01\x01\x05\x00\x03\x82\x01\x0f\x000\x82\x01\n\x02\x82\x01\x01\x00\xb8?m\xb3R\x9e\xa0[\xeb\xc7`\x83>\xb2\x14\x13\xed\xc9\xe4\xe0悂\x01c\x1a\xa5\aS`\x15\xb3\xde\x0e\x1b\xf7\xe6e\x11\x8dh\xa5\xea1\x8b\xee(jV\x03pͿ\x9cJpc\xc5\x18\xfe,\xfc\xd8ݟ\xa9P\x8d#\x0fR\xae7)^㬼b\x84\x14\xf3<\x19P\xa7}\xa4\x8c3v2\xedG\x90\x84\xc43:\x95\x19\xea\x02j\xef\xd1ɱA\xe1\v\xc8Y[\x965*\xa75\x89~\\\xcb/\x127\x81\xf4P=\x99\xa8\x82\x8c\xae\x1f\xc3a\x06g\xed\\\xb3\u0eac\x91\xf2\fv\x11\u007f\x10\xffs\x18\t\xb0H\xf4\x97In\xa4C\xed\xbaN!\x85\xd3\xf7'\xdd\x01)`\xe3WJ\xf5\xa1\xaf\xce\xf7\xae\x91\x93\x18 y\xf6\x1ffC\xad\x1e\x964\x9e\x05:\x19Ҍ2\x0f\xad=\xb9\xc2\x01\xf6\xd7\x0e}/\xbdY\xba\xfe\x81\xa2\xd4??\x91\xf7\x11\x87>/\xac/\xe1@\x06 \xe2\x9flW\x902nl\xdbGy\xac\xb3!\x8e\xc8s\x83\x02\x03\x01\x00\x01\xa3\x81\x9b0\x81\x980\x0e\x06\x03U\x1d\x0f\x01\x01\xff\x04\x04\x03\x02\x05\xa00\x1d\x06\x03U\x1d%\x04\x160\x14\x06\b+\x06\x01\x05\x05\a\x03\x01\x06\b+\x06\x01\x05\x05\a\x03\x020\f\x06\x03U\x1d\x13\x01\x01\xff\x04\x020\x000Y\x06\x03U\x1d\x11\x04R0P\x82\fEPBYGOMW0526\x82\x16teleport.cluster.local\x82(remote.kube.proxy.teleport.cluster.local0\r\x06\t*\x86H\x86\xf7\r\x01\x01\v\x05\x00\x03\x82\x01\x01\x00~c\x17\x87\xe0Y?1:\xf2\xc1\xa1\x8d\x14K\x9dQw\x85'm_q\x01\x0e~r\xaet\xa7͠>P\xaa1C,\xe4\x00\x91\xe0$\xf0\x11m\xce\x0f\x91j͊\xfbX;\x81\xccng\xd2o\xdc9Ex\x17]v\x94\xc6S\xbb&8)dz(PdS\xab\xfb\x92\xdd-\xe5\xe7K\xeb=\xa7\x87KE\xf7\xae,\xb5e\xc7\xffU%\xbd\xb7\xa9\xa7j\xb0\b<.\xf4\xb0\xfe4ORP\x9c\xad\xb8Dq\xa8\xf7\xbb\x19S\x0f\x89\xad\x9f]i\xae\xd6[TS/[k\x03$t\x93\x05Y8Oӌ\n3\x0f\v\x134\f\xfb\xfeL\a\x17\x99\x172\xefH\xc2!\xe7\xf0Aƍ\xe4\x9dv$iG0a\x14I\x93\xe7\x06/_\xda\x00\x91\xcfM쓍ԏ\xfdȷ\xc7\xf2\"t\x11\xae\xa9t\xc8r\x1e\xaa\x92\x02F\x92\xab\xc1\x8b\xf4\xe5\x06\xa8'Y\xfb\xf2\xfe\\\x03t\xfd\x13\x86\xac\x97Q\x9abj\x9c\x1a\xe2\xfc`Vɱ\xd4\xc5" tlsca/ca.go:227
INFO [PROC]      Proxy has obtained credentials to connect to cluster. service/connect.go:378
ERRO [PROC]      "identity.TLSCertBytes -----BEGIN CERTIFICATE-----\nMIID6zCCAtOgAwIBAgIQLw0gJW445RsS0IZ8+y0xjDANBgkqhkiG9w0BAQsFADBf\nMRUwEwYDVQQKEwxFUEJZR09NVzA1MjYxFTATBgNVBAMTDEVQQllHT01XMDUyNjEv\nMC0GA1UEBRMmNTIxMDU3MjE0OTMwMTAyMDgxMzAzMTA5Mjc5NDg1MzA1Mjc4Njcw\nHhcNMjAwMzE3MTQ1OTI2WhcNMzAwMzE1MTUwMDI2WjBmMQkwBwYDVQQJEwAxDTAL\nBgNVBBETBG51bGwxDjAMBgNVBAoTBVByb3h5MTowOAYDVQQDEzFiMmMyZTk4ZC05\nOTMxLTRiZjMtOTBmMi1jZjMyZDI3ZDM5YzkuRVBCWUdPTVcwNTI2MIIBIjANBgkq\nhkiG9w0BAQEFAAOCAQ8AMIIBCgKCAQEAuD9ts1KeoFvrx2CDPrIUE+3J5ODmgoIB\nYxqlB1NgFbPeDhv35mURjWil6jGL7ihqVgNwzb+cSnBjxRj+LPzY3Z+pUI0jD1Ku\nNyle46y8YoQU8zwZUKd9pIwzdjLtR5CExDM6lRnqAmrv0cmxQeELyFlbljUqpzWJ\nflzLLxI3gfRQPZmogoyuH8NhBmftXLPguqyR8gx2EX8Q/3MYCbBI9JdJbqRD7bpO\nIYXT9yfdASlg41dK9aGvzveukZMYIHn2H2ZDrR6WNJ4FOhnSjDIPrT25wgH21w59\nL71Zuv6BotQ/P5H3EYc+L6wv4UAGIOKfbFeQMm5s20d5rLMhjshzgwIDAQABo4Gb\nMIGYMA4GA1UdDwEB/wQEAwIFoDAdBgNVHSUEFjAUBggrBgEFBQcDAQYIKwYBBQUH\nAwIwDAYDVR0TAQH/BAIwADBZBgNVHREEUjBQggxFUEJZR09NVzA1MjaCFnRlbGVw\nb3J0LmNsdXN0ZXIubG9jYWyCKHJlbW90ZS5rdWJlLnByb3h5LnRlbGVwb3J0LmNs\ndXN0ZXIubG9jYWwwDQYJKoZIhvcNAQELBQADggEBAH5jF4fgWT8xOvLBoY0US51R\nd4UnbV9xAQ5+cq50p82gPlCqMUMs5ACR4CTwEW3OD5FqzYr7WDuBzG5n0m/cOUV4\nF112lMZTuyY4KWR6KFBkU6v7kt0t5edL6z2nh0tF964stWXH/1Ulvbepp2qwCDwu\n9LD+NE9SUJytuERxqPe7GVMPia2fXWmu1ltUUy9bawMkdJMFWThP04wKMw8LEzQM\n+/5MBxeZFzLvSMIh5/BBxo3knXYkaUcwYRRJk+cGL1/aAJHPTeyTjdSP/ci3x/Ii\ndBGuqXTIch6qkgJGkqvBi/TlBqgnWfvy/lwDdP0ThqyXUZpiapwa4vxgVsmx1MU=\n-----END CERTIFICATE-----\n" service/connect.go:379
ERRO [PROC]      "identity.KeyBytes -----BEGIN RSA PRIVATE KEY-----\nMIIEpAIBAAKCAQEAuD9ts1KeoFvrx2CDPrIUE+3J5ODmgoIBYxqlB1NgFbPeDhv3\n5mURjWil6jGL7ihqVgNwzb+cSnBjxRj+LPzY3Z+pUI0jD1KuNyle46y8YoQU8zwZ\nUKd9pIwzdjLtR5CExDM6lRnqAmrv0cmxQeELyFlbljUqpzWJflzLLxI3gfRQPZmo\ngoyuH8NhBmftXLPguqyR8gx2EX8Q/3MYCbBI9JdJbqRD7bpOIYXT9yfdASlg41dK\n9aGvzveukZMYIHn2H2ZDrR6WNJ4FOhnSjDIPrT25wgH21w59L71Zuv6BotQ/P5H3\nEYc+L6wv4UAGIOKfbFeQMm5s20d5rLMhjshzgwIDAQABAoIBAAP1WOYBYGcRkn82\nE5vFN6k18qB4NHuZT25RpDoEEIxm0N58u1a31Si0ltvxNJBpTd+LM2E4PKNcxsf1\nQYC17fLU+04/ugEaRaPpv6AkleeH7utK30BcWNawLGrdrTtcX33Xm+qYI+7pXT2k\nl6pSq24ifVU8zy3IeKu+Up8wRQEFtVhnQjh6jErYJYYjqOoFlcwImNIHqexCbkh0\nzO7xj861ycirD450wSs5pGZa6HugQvGRXMX3VklSw6TnpprtSepgE5UG8OyNMkee\nBj2wVsJXJZEU98uYdMlmkVD9XJtJoCYt9upB7AOCZLc3LBmjLxuUEisoxmodGeaK\ne61UVAECgYEAyg7xaXE6RvpkbulPJMSz1gHbHUQ7mYZKzlUU1KcurF3GhLhlp1Pl\nliFyVCJr7Nzm7b6Zb+eMtRcsVeAv5B8B6vDDLocj7WPbfK1ZIOBgUkVYgdmiNnMl\nGAhFk62tE5fOJIgvrXE7xx2M6K+/iGomC1Sb3R2EVhCu7dglFID5MpcCgYEA6W9G\nUJHozuSQVVWb3WEAEyen2JCjDUj1QK+gMT/e7f6Gfyyi7zv0yXViHOwh965OWKEM\ns+eENMeacXr4YhUf4/h06JWFNrnUM0+bQ+e2v9PpmVIYUb4MPBbbpK2O9TKeNO7/\n6CGY3s+AsRUonZEMcWicG/LstkQjc+U2X/9DX/UCgYBiJq4YNTtE3T7KLaUXTEG7\nVD120v1Mj1JpNiUfQ3LFoevb7qLajEN7ERYzTmE0tv2qQSrRlB3inbYYpQU+f91z\nna6CPH00RIyK3L3t3XCMpkjfErPcVUSQjvwVR4lKejRVxJ28V8Pc7jrTkQOuJToD\nyP7JgxwUnpgKyzL/6cKjUwKBgQCZy3A+IQOLW9ckAbUhE4ljFVtmOVTTqd+7cHpQ\nOE596pVeMGBg0dWi7S1o9MIkVrjTd7fQx5W42FEOtv/yTwylu8n6epg7yA7gh3A6\nOu2SUOG02/udz2JsLHslchufvGuzYEtF+uymz3twMAqEVU4nYc6IM3J1W0soTjmW\n4azYCQKBgQDDbMOUyCp1H7wwcjR7bLVP1rn8o5/lrQW1a4Lj9cAkXeg5PUfSEHl8\nsISuIrR5mR/vLkSw235i/eVN+HRD20vsDi/WDbDS2YwQXXcRV34WSoVnokttFe8P\nbNsud8u2eRgrCOkPLOoXvhHPjN3o4Qpvf7F1F4gvV3IiJ/cDkMKxUA==\n-----END RSA PRIVATE KEY-----\n" service/connect.go:380
ERRO [PROC]      "identity.TLSCACertsBytes -----BEGIN CERTIFICATE-----\nMIIDazCCAlOgAwIBAgIQJzMyafyZpMjA4kj9l68uezANBgkqhkiG9w0BAQsFADBf\nMRUwEwYDVQQKEwxFUEJZR09NVzA1MjYxFTATBgNVBAMTDEVQQllHT01XMDUyNjEv\nMC0GA1UEBRMmNTIxMDU3MjE0OTMwMTAyMDgxMzAzMTA5Mjc5NDg1MzA1Mjc4Njcw\nHhcNMjAwMzE3MTUwMDI1WhcNMzAwMzE1MTUwMDI1WjBfMRUwEwYDVQQKEwxFUEJZ\nR09NVzA1MjYxFTATBgNVBAMTDEVQQllHT01XMDUyNjEvMC0GA1UEBRMmNTIxMDU3\nMjE0OTMwMTAyMDgxMzAzMTA5Mjc5NDg1MzA1Mjc4NjcwggEiMA0GCSqGSIb3DQEB\nAQUAA4IBDwAwggEKAoIBAQDQ9O7cxz1EIwj8cBRmZY4xcrNDQNMprK5TpoUfzNS9\nBtTL0BfjReS/vMgAx86L8oh7JW7V3cZFFHYHqU1J84sayDFbVSwEpOqhKmKNeA6U\nzmR3dk6+TB2NrcAkRkOHe+U0AOSflnHKY20kRlqZq320fh/jIchuIWHiHsVhO3ag\ntpY3porCn2MgKXzTaUrajhBzjPaA9fYhQK9brCSYnWcL6GjKo1PuMqhMXOuH2EvI\n35bLDeSp5XCGoRlqRbfQ85Q+U5dh1u7K21b70F8Rmw84D79/6BDd6P0DK9h1htwF\nMa8C7Pq6TauOYskUcYHNK6yIwLb2ESUlYd4Hh1e1vwTDAgMBAAGjIzAhMA4GA1Ud\nDwEB/wQEAwICpDAPBgNVHRMBAf8EBTADAQH/MA0GCSqGSIb3DQEBCwUAA4IBAQA1\nWP8GdhWomrsRGCIR4lINruyv8DluEFB3FYinBwNir6FmAXl/Ggolk8BUTSyLGjnN\nZ+BF3mFUhag1sTpGIhSen8ar2ui+Y0fPcJClO+jYwLIjJ5C/Bts3n0OiCoayKHFU\nmmrdId6DTjf9UKLdXG3UDOv03c39k2h310W28wa1N1duZZMJg8+iJuyb9YavlIu8\nezVR6e7pWkKq8VcPQdpmw5xMt9J42fMaV0qf8A84EPOwN+IwzoKH06+dfp6tbFAW\nMx4m7PrsTtx2AjV49DUVUQ+rsVfItjnxLudD4Lo4vqa8/GWluPDrJ50r8/PB9VNl\nehjqHNIeBZ/YSKSXukGn\n-----END CERTIFICATE-----\n" service/connect.go:383
DEBU [PROC]      Attempting to connect to Auth Server directly. service/connect.go:801
ERRO [AUTH]      !!! GetConfigForClient: tls.ClientHelloInfo{CipherSuites:[]uint16{0xcca8, 0xcca9, 0xc02f, 0xc02b, 0xc030, 0xc02c, 0x1301, 0x1303, 0x1302}, ServerName:"45504259474f4d5730353236.teleport.cluster.local", SupportedCurves:[]tls.CurveID{0x1d, 0x17, 0x18, 0x19}, SupportedPoints:[]uint8{0x0}, SignatureSchemes:[]tls.SignatureScheme{0x804, 0x403, 0x807, 0x805, 0x806, 0x401, 0x501, 0x601, 0x503, 0x603, 0x201, 0x203}, SupportedProtos:[]string(nil), SupportedVersions:[]uint16{0x304, 0x303}, Conn:(*multiplexer.Conn)(0xc000677fb0)} auth/middleware.go:145
ERRO [AUTH]      !!! returns trusted x509 cerificate authority pool auth/middleware.go:330
ERRO [AUTH]      *** GetCertAuthority 1{host EPBYGOMW0526} local/trust.go:219
ERRO [AUTH]      Get Trust Key2 hostEPBYGOMW0526<nil> local/trust.go:230
ERRO [AUTH]      *** GetCertAuthority 1{user EPBYGOMW0526} local/trust.go:219
ERRO [AUTH]      Get Trust Key2 userEPBYGOMW0526<nil> local/trust.go:230
DEBU [AUTH]      ClientCertPool -> cert(EPBYGOMW0526 issued by EPBYGOMW0526:52105721493010208130310927948530527867) auth/middleware.go:367
ERRO [AUTH]      ClientCertPool -> 0, 0 auth/middleware.go:361
DEBU [AUTH]      ClientCertPool -> cert(EPBYGOMW0526 issued by EPBYGOMW0526:136409379835939261917655434190015623934) auth/middleware.go:367
ERRO [AUTH]      ClientCertPool -> 1, 0 auth/middleware.go:361
DEBU [AUTH:1]    Server certificate cert(b2c2e98d-9931-4bf3-90f2-cf32d27d39c9.EPBYGOMW0526 issued by EPBYGOMW0526:52105721493010208130310927948530527867). auth/middleware.go:173
ERRO [AUTH:1]    !!! Server certificate 0 auth/middleware.go:171
DEBU [PROC]      Connected to Auth Server with direct connection. service/connect.go:819
ERRO [AUTH]      *** GetCertAuthority 1{host EPBYGOMW0526} local/trust.go:219
ERRO [AUTH]      Get Trust Key2 hostEPBYGOMW0526<nil> local/trust.go:230
INFO [PROC:1]    The process has successfully wrote credentials and state of Proxy to disk. service/connect.go:423
DEBU [PROC:1]    Connected client: Identity(Proxy, cert(b2c2e98d-9931-4bf3-90f2-cf32d27d39c9.EPBYGOMW0526 issued by EPBYGOMW0526:52105721493010208130310927948530527867),trust root(EPBYGOMW0526:52105721493010208130310927948530527867)) service/connect.go:81
DEBU [PROC:1]    Connected server: Identity(Proxy, cert(b2c2e98d-9931-4bf3-90f2-cf32d27d39c9.EPBYGOMW0526 issued by EPBYGOMW0526:52105721493010208130310927948530527867),trust root(EPBYGOMW0526:52105721493010208130310927948530527867)) service/connect.go:82
DEBU [PROC]      Adding service to supervisor. service:auth.client.proxy sync/mutex.go:74
DEBU [PROC:1]    Broadcasting event. event:ProxyIdentity service/supervisor.go:332
DEBU [PROC:1]    Service is completed and removed. service:register.proxy service/supervisor.go:219
DEBU [PROC:1]    Received event "ProxyIdentity". service/service.go:1867
DEBU [PROC:1]    Service has started. service:auth.client.proxy service/supervisor.go:242
DEBU [PROC:1]    Creating sqlite backend for [proxy]. service/service.go:1289
DEBU [SQLITE]    Connected to: file:/home/dlahuta/go/src/github.com/gravitational/teleport/1-auth-data/cache/proxy/sqlite.db?_busy_timeout=10000&_sync=OFF, poll stream period: 100ms lite/lite.go:173
DEBU [SQLITE]    Synchronous: 0, busy timeout: 10000 lite/lite.go:220
ERRO             !!! New {context.TODO.WithCancel [{cert_authority  false map[]} {cluster_name  false map[]} {cluster_config  false map[]} {user  false map[]} {role  false map[]} {namespace  false map[]} {node  false map[]} {proxy  false map[]} {auth_server  false map[]} {tunnel  false map[]} {tunnel_connection  false map[]}] 0xc0003a1110 0xc0003a1110 0xc0003a1110 0xc0003a1110 0xc0003a1110 0xc0003a1110 0xc0003a1110 0xc0003a1110 0xc000540900 10s <nil> {false} {true 20h0m0s false} 0x3e4f720 proxy:1:cache proxy:cache 8192} cache/cache.go:265
ERRO [AUTH]      *** NewCAService local/trust.go:27
ERRO [AUTH]      *** UpsertCertAuthority local/trust.go:67
ERRO [AUTH]      !!!PUT Key Trust authoritieshostEPBYGOMW0526 local/trust.go:79
ERRO [AUTH]      *** UpsertCertAuthority local/trust.go:67
ERRO [AUTH]      !!!PUT Key Trust authoritiesuserEPBYGOMW0526 local/trust.go:79
DEBU [AUTH]      GRPC(): keep alive 1m0s count: 3. auth/clt.go:309
ERRO [AUTH]      !!! GetConfigForClient: tls.ClientHelloInfo{CipherSuites:[]uint16{0xcca8, 0xcca9, 0xc02f, 0xc02b, 0xc030, 0xc02c, 0x1301, 0x1303, 0x1302}, ServerName:"45504259474f4d5730353236.teleport.cluster.local", SupportedCurves:[]tls.CurveID{0x1d, 0x17, 0x18, 0x19}, SupportedPoints:[]uint8{0x0}, SignatureSchemes:[]tls.SignatureScheme{0x804, 0x403, 0x807, 0x805, 0x806, 0x401, 0x501, 0x601, 0x503, 0x603, 0x201, 0x203}, SupportedProtos:[]string{"h2"}, SupportedVersions:[]uint16{0x304, 0x303}, Conn:(*multiplexer.Conn)(0xc0006edce0)} auth/middleware.go:145
ERRO [AUTH]      !!! returns trusted x509 cerificate authority pool auth/middleware.go:330
ERRO [AUTH]      *** GetCertAuthority 1{host EPBYGOMW0526} local/trust.go:219
ERRO [AUTH]      Get Trust Key2 hostEPBYGOMW0526<nil> local/trust.go:230
ERRO [AUTH]      *** GetCertAuthority 1{user EPBYGOMW0526} local/trust.go:219
ERRO [AUTH]      Get Trust Key2 userEPBYGOMW0526<nil> local/trust.go:230
DEBU [AUTH]      ClientCertPool -> cert(EPBYGOMW0526 issued by EPBYGOMW0526:52105721493010208130310927948530527867) auth/middleware.go:367
ERRO [AUTH]      ClientCertPool -> 0, 0 auth/middleware.go:361
DEBU [AUTH]      ClientCertPool -> cert(EPBYGOMW0526 issued by EPBYGOMW0526:136409379835939261917655434190015623934) auth/middleware.go:367
ERRO [AUTH]      ClientCertPool -> 1, 0 auth/middleware.go:361
DEBU [AUTH:1]    Server certificate cert(b2c2e98d-9931-4bf3-90f2-cf32d27d39c9.EPBYGOMW0526 issued by EPBYGOMW0526:52105721493010208130310927948530527867). auth/middleware.go:173
ERRO [AUTH:1]    !!! Server certificate 0 auth/middleware.go:171
DEBU [AUTH]      GetServers(0->0) in 18.235µs. elapsed_fetch:16.856µs elapsed_filter:1.379µs user:b2c2e98d-9931-4bf3-90f2-cf32d27d39c9.EPBYGOMW0526 auth/auth_with_roles.go:571
DEBU [PROC:1]    Setup Proxy: Web Proxy Address: 0.0.0.0:3080, Reverse Tunnel Proxy Address: 0.0.0.0:3024 service/service.go:1909
DEBU [PROC:1]    Setup Proxy: Proxy protocol is enabled for web service, multiplexing is on. service/service.go:1947
INFO [PROC:1]    Service proxy:web is creating new listener on 0.0.0.0:3080. service/signals.go:213
INFO [PROC:1]    Service proxy:tunnel is creating new listener on 0.0.0.0:3024. service/signals.go:213
DEBU [PROC:1]    Creating sqlite backend for [reverse EPBYGOMW0526]. service/service.go:1289
DEBU [SQLITE]    Connected to: file:/home/dlahuta/go/src/github.com/gravitational/teleport/1-auth-data/cache/reverse/EPBYGOMW0526/sqlite.db?_busy_timeout=10000&_sync=OFF, poll stream period: 100ms lite/lite.go:173
DEBU [SQLITE]    Synchronous: 0, busy timeout: 10000 lite/lite.go:220
ERRO             !!! New {context.TODO.WithCancel [{cert_authority  false map[]} {cluster_name  false map[]} {cluster_config  false map[]} {user  false map[]} {role  false map[]} {namespace  false map[]} {node  false map[]} {proxy  false map[]} {auth_server  false map[]} {tunnel  false map[]} {tunnel_connection  false map[]}] 0xc0003a1110 0xc0003a1110 0xc0003a1110 0xc0003a1110 0xc0003a1110 0xc0003a1110 0xc0003a1110 0xc0003a1110 0xc000a1d8f0 10s <nil> {false} {true 20h0m0s false} 0x3e4f720 reverse:EPBYGOMW0526:1:cache reverse:EPBYGOMW0526:cache 8192} cache/cache.go:265
ERRO [AUTH]      *** NewCAService local/trust.go:27
DEBU [BUFFER]    Add Watcher(name=b2c2e98d-9931-4bf3-90f2-cf32d27d39c9.EPBYGOMW0526, prefixes=/authorities, /authservers, /cluster_configuration/general, /cluster_configuration/name, /namespaces, /nodes/default, /proxies, /reverseTunnels, /roles, /tunnelConnections, /web/users, capacity=8192, size=0). backend/buffer.go:235
DEBU [BUFFER]    Add Watcher(name=b2c2e98d-9931-4bf3-90f2-cf32d27d39c9.EPBYGOMW0526, prefixes=/proxies, capacity=8192, size=0). backend/buffer.go:235
DEBU [PROXY:1]   List of known proxies updated: []. services/proxywatcher.go:148
ERRO [AUTH]      !!! GetConfigForClient: tls.ClientHelloInfo{CipherSuites:[]uint16{0xcca8, 0xcca9, 0xc02f, 0xc02b, 0xc030, 0xc02c, 0x1301, 0x1303, 0x1302}, ServerName:"45504259474f4d5730353236.teleport.cluster.local", SupportedCurves:[]tls.CurveID{0x1d, 0x17, 0x18, 0x19}, SupportedPoints:[]uint8{0x0}, SignatureSchemes:[]tls.SignatureScheme{0x804, 0x403, 0x807, 0x805, 0x806, 0x401, 0x501, 0x601, 0x503, 0x603, 0x201, 0x203}, SupportedProtos:[]string(nil), SupportedVersions:[]uint16{0x304, 0x303}, Conn:(*multiplexer.Conn)(0xc000680c90)} auth/middleware.go:145
ERRO [AUTH]      !!! returns trusted x509 cerificate authority pool auth/middleware.go:330
ERRO [AUTH]      *** GetCertAuthority 1{host EPBYGOMW0526} local/trust.go:219
ERRO [AUTH]      Get Trust Key2 hostEPBYGOMW0526<nil> local/trust.go:230
ERRO [AUTH]      !!! GetConfigForClient: tls.ClientHelloInfo{CipherSuites:[]uint16{0xcca8, 0xcca9, 0xc02f, 0xc02b, 0xc030, 0xc02c, 0x1301, 0x1303, 0x1302}, ServerName:"45504259474f4d5730353236.teleport.cluster.local", SupportedCurves:[]tls.CurveID{0x1d, 0x17, 0x18, 0x19}, SupportedPoints:[]uint8{0x0}, SignatureSchemes:[]tls.SignatureScheme{0x804, 0x403, 0x807, 0x805, 0x806, 0x401, 0x501, 0x601, 0x503, 0x603, 0x201, 0x203}, SupportedProtos:[]string(nil), SupportedVersions:[]uint16{0x304, 0x303}, Conn:(*multiplexer.Conn)(0xc0001dc270)} auth/middleware.go:145
ERRO [AUTH]      !!! returns trusted x509 cerificate authority pool auth/middleware.go:330
ERRO [AUTH]      *** GetCertAuthority 1{host EPBYGOMW0526} local/trust.go:219
ERRO [AUTH]      Get Trust Key2 hostEPBYGOMW0526<nil> local/trust.go:230
ERRO [AUTH]      *** GetCertAuthority 1{user EPBYGOMW0526} local/trust.go:219
ERRO [AUTH]      Get Trust Key2 userEPBYGOMW0526<nil> local/trust.go:230
ERRO [AUTH]      *** GetCertAuthority 1{user EPBYGOMW0526} local/trust.go:219
ERRO [AUTH]      Get Trust Key2 userEPBYGOMW0526<nil> local/trust.go:230
ERRO [AUTH]      !!! GetConfigForClient: tls.ClientHelloInfo{CipherSuites:[]uint16{0xcca8, 0xcca9, 0xc02f, 0xc02b, 0xc030, 0xc02c, 0x1301, 0x1303, 0x1302}, ServerName:"45504259474f4d5730353236.teleport.cluster.local", SupportedCurves:[]tls.CurveID{0x1d, 0x17, 0x18, 0x19}, SupportedPoints:[]uint8{0x0}, SignatureSchemes:[]tls.SignatureScheme{0x804, 0x403, 0x807, 0x805, 0x806, 0x401, 0x501, 0x601, 0x503, 0x603, 0x201, 0x203}, SupportedProtos:[]string(nil), SupportedVersions:[]uint16{0x304, 0x303}, Conn:(*multiplexer.Conn)(0xc0006777a0)} auth/middleware.go:145
ERRO [AUTH]      !!! returns trusted x509 cerificate authority pool auth/middleware.go:330
ERRO [AUTH]      *** GetCertAuthority 1{host EPBYGOMW0526} local/trust.go:219
ERRO [AUTH]      Get Trust Key2 hostEPBYGOMW0526<nil> local/trust.go:230
DEBU [AUTH]      ClientCertPool -> cert(EPBYGOMW0526 issued by EPBYGOMW0526:52105721493010208130310927948530527867) auth/middleware.go:367
ERRO [AUTH]      ClientCertPool -> 0, 0 auth/middleware.go:361
DEBU [AUTH]      ClientCertPool -> cert(EPBYGOMW0526 issued by EPBYGOMW0526:52105721493010208130310927948530527867) auth/middleware.go:367
ERRO [AUTH]      ClientCertPool -> 0, 0 auth/middleware.go:361
ERRO [AUTH]      *** GetCertAuthority 1{user EPBYGOMW0526} local/trust.go:219
ERRO [AUTH]      Get Trust Key2 userEPBYGOMW0526<nil> local/trust.go:230
DEBU [AUTH]      ClientCertPool -> cert(EPBYGOMW0526 issued by EPBYGOMW0526:136409379835939261917655434190015623934) auth/middleware.go:367
ERRO [AUTH]      ClientCertPool -> 1, 0 auth/middleware.go:361
DEBU [AUTH]      ClientCertPool -> cert(EPBYGOMW0526 issued by EPBYGOMW0526:136409379835939261917655434190015623934) auth/middleware.go:367
ERRO [AUTH]      ClientCertPool -> 1, 0 auth/middleware.go:361
ERRO [AUTH]      !!! GetConfigForClient: tls.ClientHelloInfo{CipherSuites:[]uint16{0xcca8, 0xcca9, 0xc02f, 0xc02b, 0xc030, 0xc02c, 0x1301, 0x1303, 0x1302}, ServerName:"45504259474f4d5730353236.teleport.cluster.local", SupportedCurves:[]tls.CurveID{0x1d, 0x17, 0x18, 0x19}, SupportedPoints:[]uint8{0x0}, SignatureSchemes:[]tls.SignatureScheme{0x804, 0x403, 0x807, 0x805, 0x806, 0x401, 0x501, 0x601, 0x503, 0x603, 0x201, 0x203}, SupportedProtos:[]string(nil), SupportedVersions:[]uint16{0x304, 0x303}, Conn:(*multiplexer.Conn)(0xc000677620)} auth/middleware.go:145
ERRO [AUTH]      !!! returns trusted x509 cerificate authority pool auth/middleware.go:330
ERRO [AUTH]      *** GetCertAuthority 1{host EPBYGOMW0526} local/trust.go:219
ERRO [AUTH]      Get Trust Key2 hostEPBYGOMW0526<nil> local/trust.go:230
DEBU [AUTH]      ClientCertPool -> cert(EPBYGOMW0526 issued by EPBYGOMW0526:52105721493010208130310927948530527867) auth/middleware.go:367
ERRO [AUTH]      ClientCertPool -> 0, 0 auth/middleware.go:361
DEBU [AUTH]      ClientCertPool -> cert(EPBYGOMW0526 issued by EPBYGOMW0526:136409379835939261917655434190015623934) auth/middleware.go:367
ERRO [AUTH]      ClientCertPool -> 1, 0 auth/middleware.go:361
DEBU [AUTH:1]    Server certificate cert(b2c2e98d-9931-4bf3-90f2-cf32d27d39c9.EPBYGOMW0526 issued by EPBYGOMW0526:52105721493010208130310927948530527867). auth/middleware.go:173
ERRO [AUTH:1]    !!! Server certificate 0 auth/middleware.go:171
DEBU [AUTH:1]    Server certificate cert(b2c2e98d-9931-4bf3-90f2-cf32d27d39c9.EPBYGOMW0526 issued by EPBYGOMW0526:52105721493010208130310927948530527867). auth/middleware.go:173
ERRO [AUTH:1]    !!! Server certificate 0 auth/middleware.go:171
DEBU [AUTH:1]    Server certificate cert(b2c2e98d-9931-4bf3-90f2-cf32d27d39c9.EPBYGOMW0526 issued by EPBYGOMW0526:52105721493010208130310927948530527867). auth/middleware.go:173
ERRO [AUTH]      !!! GetConfigForClient: tls.ClientHelloInfo{CipherSuites:[]uint16{0xcca8, 0xcca9, 0xc02f, 0xc02b, 0xc030, 0xc02c, 0x1301, 0x1303, 0x1302}, ServerName:"45504259474f4d5730353236.teleport.cluster.local", SupportedCurves:[]tls.CurveID{0x1d, 0x17, 0x18, 0x19}, SupportedPoints:[]uint8{0x0}, SignatureSchemes:[]tls.SignatureScheme{0x804, 0x403, 0x807, 0x805, 0x806, 0x401, 0x501, 0x601, 0x503, 0x603, 0x201, 0x203}, SupportedProtos:[]string(nil), SupportedVersions:[]uint16{0x304, 0x303}, Conn:(*multiplexer.Conn)(0xc0001dd9e0)} auth/middleware.go:145
ERRO [AUTH]      !!! GetConfigForClient: tls.ClientHelloInfo{CipherSuites:[]uint16{0xcca8, 0xcca9, 0xc02f, 0xc02b, 0xc030, 0xc02c, 0x1301, 0x1303, 0x1302}, ServerName:"45504259474f4d5730353236.teleport.cluster.local", SupportedCurves:[]tls.CurveID{0x1d, 0x17, 0x18, 0x19}, SupportedPoints:[]uint8{0x0}, SignatureSchemes:[]tls.SignatureScheme{0x804, 0x403, 0x807, 0x805, 0x806, 0x401, 0x501, 0x601, 0x503, 0x603, 0x201, 0x203}, SupportedProtos:[]string(nil), SupportedVersions:[]uint16{0x304, 0x303}, Conn:(*multiplexer.Conn)(0xc0006b9020)} auth/middleware.go:145
ERRO [AUTH]      *** GetCertAuthority 1{user EPBYGOMW0526} local/trust.go:219
ERRO [AUTH]      !!! GetConfigForClient: tls.ClientHelloInfo{CipherSuites:[]uint16{0xcca8, 0xcca9, 0xc02f, 0xc02b, 0xc030, 0xc02c, 0x1301, 0x1303, 0x1302}, ServerName:"45504259474f4d5730353236.teleport.cluster.local", SupportedCurves:[]tls.CurveID{0x1d, 0x17, 0x18, 0x19}, SupportedPoints:[]uint8{0x0}, SignatureSchemes:[]tls.SignatureScheme{0x804, 0x403, 0x807, 0x805, 0x806, 0x401, 0x501, 0x601, 0x503, 0x603, 0x201, 0x203}, SupportedProtos:[]string(nil), SupportedVersions:[]uint16{0x304, 0x303}, Conn:(*multiplexer.Conn)(0xc00093e000)} auth/middleware.go:145
ERRO [AUTH]      Get Trust Key2 userEPBYGOMW0526<nil> local/trust.go:230
ERRO [AUTH]      !!! returns trusted x509 cerificate authority pool auth/middleware.go:330
ERRO [AUTH]      *** GetCertAuthority 1{host EPBYGOMW0526} local/trust.go:219
ERRO [AUTH:1]    !!! Server certificate 0 auth/middleware.go:171
ERRO [AUTH]      !!! returns trusted x509 cerificate authority pool auth/middleware.go:330
ERRO [AUTH]      *** GetCertAuthority 1{host EPBYGOMW0526} local/trust.go:219
DEBU [AUTH]      ClientCertPool -> cert(EPBYGOMW0526 issued by EPBYGOMW0526:52105721493010208130310927948530527867) auth/middleware.go:367
ERRO [AUTH]      ClientCertPool -> 0, 0 auth/middleware.go:361
DEBU [AUTH]      ClientCertPool -> cert(EPBYGOMW0526 issued by EPBYGOMW0526:136409379835939261917655434190015623934) auth/middleware.go:367
ERRO [AUTH]      ClientCertPool -> 1, 0 auth/middleware.go:361
DEBU [AUTH:1]    Server certificate cert(b2c2e98d-9931-4bf3-90f2-cf32d27d39c9.EPBYGOMW0526 issued by EPBYGOMW0526:52105721493010208130310927948530527867). auth/middleware.go:173
ERRO [AUTH:1]    !!! Server certificate 0 auth/middleware.go:171
DEBU [AUTH]      GetServers(0->0) in 12.228µs. elapsed_fetch:11.019µs elapsed_filter:1.209µs user:b2c2e98d-9931-4bf3-90f2-cf32d27d39c9.EPBYGOMW0526 auth/auth_with_roles.go:571
ERRO [AUTH]      Get Trust Key2 hostEPBYGOMW0526<nil> local/trust.go:230
ERRO [AUTH]      *** GetCertAuthority 1{user EPBYGOMW0526} local/trust.go:219
ERRO [AUTH]      Get Trust Key2 hostEPBYGOMW0526<nil> local/trust.go:230
ERRO [AUTH]      !!! returns trusted x509 cerificate authority pool auth/middleware.go:330
ERRO [AUTH]      Get Trust Key2 userEPBYGOMW0526<nil> local/trust.go:230
ERRO [AUTH]      *** GetCertAuthority 1{user EPBYGOMW0526} local/trust.go:219
ERRO [AUTH]      Get Trust Key2 userEPBYGOMW0526<nil> local/trust.go:230
DEBU [AUTH]      ClientCertPool -> cert(EPBYGOMW0526 issued by EPBYGOMW0526:52105721493010208130310927948530527867) auth/middleware.go:367
ERRO [AUTH]      ClientCertPool -> 0, 0 auth/middleware.go:361
DEBU [AUTH]      ClientCertPool -> cert(EPBYGOMW0526 issued by EPBYGOMW0526:136409379835939261917655434190015623934) auth/middleware.go:367
DEBU [AUTH]      ClientCertPool -> cert(EPBYGOMW0526 issued by EPBYGOMW0526:52105721493010208130310927948530527867) auth/middleware.go:367
ERRO [AUTH]      ClientCertPool -> 0, 0 auth/middleware.go:361
DEBU [AUTH]      ClientCertPool -> cert(EPBYGOMW0526 issued by EPBYGOMW0526:136409379835939261917655434190015623934) auth/middleware.go:367
ERRO [AUTH]      ClientCertPool -> 1, 0 auth/middleware.go:361
ERRO [AUTH]      *** UpsertCertAuthority local/trust.go:67
ERRO [AUTH]      !!!PUT Key Trust authoritieshostEPBYGOMW0526 local/trust.go:79
DEBU [AUTH:1]    Server certificate cert(b2c2e98d-9931-4bf3-90f2-cf32d27d39c9.EPBYGOMW0526 issued by EPBYGOMW0526:52105721493010208130310927948530527867). auth/middleware.go:173
ERRO [AUTH:1]    !!! Server certificate 0 auth/middleware.go:171
ERRO [AUTH]      *** UpsertCertAuthority local/trust.go:67
ERRO [AUTH]      !!!PUT Key Trust authoritieshostEPBYGOMW0526 local/trust.go:79
ERRO [AUTH]      *** GetCertAuthority 1{host EPBYGOMW0526} local/trust.go:219
ERRO [AUTH]      Get Trust Key2 hostEPBYGOMW0526<nil> local/trust.go:230
ERRO [AUTH]      *** UpsertCertAuthority local/trust.go:67
ERRO [AUTH]      !!!PUT Key Trust authoritiesuserEPBYGOMW0526 local/trust.go:79
ERRO [AUTH]      *** GetCertAuthority 1{user EPBYGOMW0526} local/trust.go:219
ERRO [AUTH]      Get Trust Key2 userEPBYGOMW0526<nil> local/trust.go:230
DEBU [AUTH]      ClientCertPool -> cert(EPBYGOMW0526 issued by EPBYGOMW0526:52105721493010208130310927948530527867) auth/middleware.go:367
ERRO [AUTH]      ClientCertPool -> 0, 0 auth/middleware.go:361
DEBU [AUTH]      ClientCertPool -> cert(EPBYGOMW0526 issued by EPBYGOMW0526:136409379835939261917655434190015623934) auth/middleware.go:367
ERRO [AUTH]      ClientCertPool -> 1, 0 auth/middleware.go:361
DEBU [AUTH:1]    Server certificate cert(b2c2e98d-9931-4bf3-90f2-cf32d27d39c9.EPBYGOMW0526 issued by EPBYGOMW0526:52105721493010208130310927948530527867). auth/middleware.go:173
ERRO [AUTH:1]    !!! Server certificate 0 auth/middleware.go:171
DEBU [SSH:PROXY] Supported ciphers: ["aes128-gcm@openssh.com" "chacha20-poly1305@openssh.com" "aes128-ctr" "aes192-ctr" "aes256-ctr"]. sshutils/server.go:202
ERRO [AUTH]      ClientCertPool -> 1, 0 auth/middleware.go:361
ERRO [AUTH]      *** UpsertCertAuthority local/trust.go:67
ERRO [AUTH]      !!!PUT Key Trust authoritiesuserEPBYGOMW0526 local/trust.go:79
DEBU [AUTH:1]    Server certificate cert(b2c2e98d-9931-4bf3-90f2-cf32d27d39c9.EPBYGOMW0526 issued by EPBYGOMW0526:52105721493010208130310927948530527867). auth/middleware.go:173
ERRO [AUTH:1]    !!! Server certificate 0 auth/middleware.go:171
DEBU [SSH:PROXY] Supported KEX algorithms: ["curve25519-sha256@libssh.org" "ecdh-sha2-nistp256" "ecdh-sha2-nistp384" "ecdh-sha2-nistp521"]. sshutils/server.go:212
DEBU [SSH:PROXY] Supported MAC algorithms: ["hmac-sha2-256-etm@openssh.com" "hmac-sha2-256"]. sshutils/server.go:222
DEBU [PROC]      Adding service to supervisor. service:proxy.reversetunnel.server sync/mutex.go:74
DEBU [PROC:1]    Service has started. service:proxy.reversetunnel.server service/supervisor.go:242
INFO [PROXY]     Reverse tunnel service 4.2.2-alpha.1:v4.2.0-alpha.5-122-g748691ff-dirty is starting on 0.0.0.0:3024. utils/cli.go:177
INFO [PROXY:SER] Starting 4.2.2-alpha.1:v4.2.0-alpha.5-122-g748691ff-dirty on 0.0.0.0:3024 using sqlite cache that will expire after connection to database is lost after 20h0m0s, will cache frequently accessed items for 2s service/service.go:2063
DEBU [PROC:1]    Broadcasting event. event:ProxyReverseTunnelReady service/supervisor.go:332
DEBU [SSH:PROXY] Listening on [::]:3024. sshutils/server.go:350
DEBU [BUFFER]    Add Watcher(name=b2c2e98d-9931-4bf3-90f2-cf32d27d39c9.EPBYGOMW0526, prefixes=/authorities, /authservers, /cluster_configuration/general, /cluster_configuration/name, /namespaces, /nodes/default, /proxies, /reverseTunnels, /roles, /tunnelConnections, /web/users, capacity=8192, size=0). backend/buffer.go:235
DEBU [AUTH]      GetServers(0->0) in 96.84µs. elapsed_fetch:92.276µs elapsed_filter:4.564µs user:b2c2e98d-9931-4bf3-90f2-cf32d27d39c9.EPBYGOMW0526 auth/auth_with_roles.go:571
DEBU [AUTH]      GetServers(0->0) in 89.968µs. elapsed_fetch:84.249µs elapsed_filter:5.719µs user:b2c2e98d-9931-4bf3-90f2-cf32d27d39c9.EPBYGOMW0526 auth/auth_with_roles.go:571
DEBU             [web] GET zip:/index.html web/static.go:198
DEBU             [web] zip::Close(index.html) web/static.go:191
INFO [PROXY:SER] Using TLS cert /home/dlahuta/go/src/github.com/gravitational/teleport/1-auth-data/webproxy_cert.pem, key /home/dlahuta/go/src/github.com/gravitational/teleport/1-auth-data/webproxy_key.pem service/service.go:2119
DEBU [PROC]      Adding service to supervisor. service:proxy.web sync/mutex.go:74
INFO [PROC:1]    Service proxy:ssh is creating new listener on 0.0.0.0:3023. service/signals.go:213
DEBU [PROC:1]    Service has started. service:proxy.web service/supervisor.go:242
INFO [PROXY]     Web proxy service 4.2.2-alpha.1:v4.2.0-alpha.5-122-g748691ff-dirty is starting on 0.0.0.0:3080. utils/cli.go:177
INFO [PROXY:SER] Web proxy service 4.2.2-alpha.1:v4.2.0-alpha.5-122-g748691ff-dirty is starting on 0.0.0.0:3080. service/service.go:2132
DEBU [PROC:1]    Broadcasting event. event:ProxyWebServerReady service/supervisor.go:332
DEBU [SSH:PROXY] Supported ciphers: ["aes128-gcm@openssh.com" "chacha20-poly1305@openssh.com" "aes128-ctr" "aes192-ctr" "aes256-ctr"]. sshutils/server.go:202
DEBU [SSH:PROXY] Supported KEX algorithms: ["curve25519-sha256@libssh.org" "ecdh-sha2-nistp256" "ecdh-sha2-nistp384" "ecdh-sha2-nistp521"]. sshutils/server.go:212
DEBU [SSH:PROXY] Supported MAC algorithms: ["hmac-sha2-256-etm@openssh.com" "hmac-sha2-256"]. sshutils/server.go:222
ERRO [AUTH]      *** UpsertCertAuthority local/trust.go:67
ERRO [AUTH]      !!!PUT Key Trust authoritieshostEPBYGOMW0526 local/trust.go:79
DEBU [PROXY:BEA] Starting Proxy heartbeat with announce period: 1m0s, keep-alive period 5m26.16570987s, poll period: 5s srv/heartbeat.go:131
DEBU [PROC]      Adding service to supervisor. service:proxy.ssh sync/mutex.go:74
DEBU [PROC]      Adding service to supervisor. service:proxy.reversetunnel.agent sync/mutex.go:74
DEBU [PROC]      Adding service to supervisor. service:proxy.shutdown sync/mutex.go:74
INFO [AUDIT:1]   Creating directory /home/dlahuta/go/src/github.com/gravitational/teleport/1-auth-data/log. service/service.go:1641
INFO [AUDIT:1]   Setting directory /home/dlahuta/go/src/github.com/gravitational/teleport/1-auth-data/log owner to 1000:4. service/service.go:1650
INFO [AUDIT:1]   Creating directory /home/dlahuta/go/src/github.com/gravitational/teleport/1-auth-data/log/upload. service/service.go:1641
INFO [AUDIT:1]   Setting directory /home/dlahuta/go/src/github.com/gravitational/teleport/1-auth-data/log/upload owner to 1000:4. service/service.go:1650
INFO [AUDIT:1]   Creating directory /home/dlahuta/go/src/github.com/gravitational/teleport/1-auth-data/log/upload/sessions. service/service.go:1641
INFO [AUDIT:1]   Setting directory /home/dlahuta/go/src/github.com/gravitational/teleport/1-auth-data/log/upload/sessions owner to 1000:4. service/service.go:1650
INFO [AUDIT:1]   Creating directory /home/dlahuta/go/src/github.com/gravitational/teleport/1-auth-data/log/upload/sessions/default. service/service.go:1641
INFO [AUDIT:1]   Setting directory /home/dlahuta/go/src/github.com/gravitational/teleport/1-auth-data/log/upload/sessions/default owner to 1000:4. service/service.go:1650
DEBU [PROC:1]    Service has started. service:proxy.reversetunnel.agent service/supervisor.go:242
INFO [PROXY:AGE] Starting reverse tunnel agent pool. service/service.go:2200
DEBU [PROC]      Adding service to supervisor. service:uploader.service sync/mutex.go:74
DEBU [PROC:1]    Service has started. service:proxy.ssh service/supervisor.go:242
DEBU [PROC:1]    Broadcasting event. event:ProxyAgentPoolReady service/supervisor.go:332
INFO [PROXY]     SSH proxy service 4.2.2-alpha.1:v4.2.0-alpha.5-122-g748691ff-dirty is starting on 0.0.0.0:3023. utils/cli.go:177
DEBU [PROC:1]    Service has started. service:uploader.service service/supervisor.go:242
DEBU [PROC]      Adding service to supervisor. service:uploader.shutdown sync/mutex.go:74
DEBU [PROC:1]    Service is completed and removed. service:proxy.init service/supervisor.go:219
DEBU [PROC:1]    Service has started. service:uploader.shutdown service/supervisor.go:242
DEBU [PROC:1]    Service has started. service:proxy.shutdown service/supervisor.go:242
INFO [PROXY:SER] SSH proxy service 4.2.2-alpha.1:v4.2.0-alpha.5-122-g748691ff-dirty is starting on 0.0.0.0:3023 service/service.go:2174
DEBU [SSH:PROXY] Listening on [::]:3023. sshutils/server.go:350
DEBU [PROC:1]    Broadcasting event. event:ProxySSHReady service/supervisor.go:332
DEBU [PROC:1]    Broadcasting mapped event. in:ProxySSHReady out:EventMapping(in=[AuthTLSReady ProxySSHReady], out=TeleportReady) service/supervisor.go:351
DEBU [PROC:1]    Service is completed and removed. service:proxy.ssh service/supervisor.go:219
INFO [PROC:1]    The new service has started successfully. Starting syncing rotation status with period 10m0s. service/connect.go:439
ERRO [AUTH]      *** GetCertAuthority 1{host EPBYGOMW0526} local/trust.go:219
ERRO [AUTH]      Get Trust Key2 hostEPBYGOMW0526<nil> local/trust.go:230
DEBU [BUFFER]    Add Watcher(name=, prefixes=/authorities, capacity=1024, size=0). backend/buffer.go:235
ERRO [AUTH]      *** UpsertCertAuthority local/trust.go:67
ERRO [AUTH]      !!!PUT Key Trust authoritiesuserEPBYGOMW0526 local/trust.go:79
DEBU [PROXY:1]   List of known proxies updated: ["b2c2e98d-9931-4bf3-90f2-cf32d27d39c9"]. services/proxywatcher.go:148
